<?xml version="1.0" encoding="UTF-8"?>
<testsuite name="com.bridgelabz.GreetingApp.GreetingServiceTest" tests="1" skipped="0" failures="0" errors="0" timestamp="2020-10-12T08:01:36" hostname="EEE1407203" time="0.129">
  <properties/>
  <testcase name="givenEditedData_WhenUpdated_ShouldReturnSuccessFull()" classname="com.bridgelabz.GreetingApp.GreetingServiceTest" time="0.129"/>
  <system-out><![CDATA[13:31:25.275 [Test worker] DEBUG org.springframework.test.context.BootstrapUtils - Instantiating CacheAwareContextLoaderDelegate from class [org.springframework.test.context.cache.DefaultCacheAwareContextLoaderDelegate]
13:31:25.303 [Test worker] DEBUG org.springframework.test.context.BootstrapUtils - Instantiating BootstrapContext using constructor [public org.springframework.test.context.support.DefaultBootstrapContext(java.lang.Class,org.springframework.test.context.CacheAwareContextLoaderDelegate)]
13:31:25.373 [Test worker] DEBUG org.springframework.test.context.BootstrapUtils - Instantiating TestContextBootstrapper for test class [com.bridgelabz.GreetingApp.GreetingServiceTest] from class [org.springframework.boot.test.context.SpringBootTestContextBootstrapper]
13:31:25.399 [Test worker] INFO org.springframework.boot.test.context.SpringBootTestContextBootstrapper - Neither @ContextConfiguration nor @ContextHierarchy found for test class [com.bridgelabz.GreetingApp.GreetingServiceTest], using SpringBootContextLoader
13:31:25.407 [Test worker] DEBUG org.springframework.test.context.support.AbstractContextLoader - Did not detect default resource location for test class [com.bridgelabz.GreetingApp.GreetingServiceTest]: class path resource [com/bridgelabz/GreetingApp/GreetingServiceTest-context.xml] does not exist
13:31:25.409 [Test worker] DEBUG org.springframework.test.context.support.AbstractContextLoader - Did not detect default resource location for test class [com.bridgelabz.GreetingApp.GreetingServiceTest]: class path resource [com/bridgelabz/GreetingApp/GreetingServiceTestContext.groovy] does not exist
13:31:25.413 [Test worker] INFO org.springframework.test.context.support.AbstractContextLoader - Could not detect default resource locations for test class [com.bridgelabz.GreetingApp.GreetingServiceTest]: no resource found for suffixes {-context.xml, Context.groovy}.
13:31:25.415 [Test worker] INFO org.springframework.test.context.support.AnnotationConfigContextLoaderUtils - Could not detect default configuration classes for test class [com.bridgelabz.GreetingApp.GreetingServiceTest]: GreetingServiceTest does not declare any static, non-private, non-final, nested classes annotated with @Configuration.
13:31:25.489 [Test worker] DEBUG org.springframework.test.context.support.ActiveProfilesUtils - Could not find an 'annotation declaring class' for annotation type [org.springframework.test.context.ActiveProfiles] and class [com.bridgelabz.GreetingApp.GreetingServiceTest]
13:31:25.703 [Test worker] DEBUG org.springframework.context.annotation.ClassPathScanningCandidateComponentProvider - Identified candidate component class: file [D:\Fellowship\UserGreatingApp\GreetingApp\build\classes\java\main\com\bridgelabz\GreetingApp\GreetingAppApplication.class]
13:31:25.703 [Test worker] INFO org.springframework.boot.test.context.SpringBootTestContextBootstrapper - Found @SpringBootConfiguration com.bridgelabz.GreetingApp.GreetingAppApplication for test class com.bridgelabz.GreetingApp.GreetingServiceTest
13:31:25.891 [Test worker] DEBUG org.springframework.boot.test.context.SpringBootTestContextBootstrapper - @TestExecutionListeners is not present for class [com.bridgelabz.GreetingApp.GreetingServiceTest]: using defaults.
13:31:25.893 [Test worker] INFO org.springframework.boot.test.context.SpringBootTestContextBootstrapper - Loaded default TestExecutionListener class names from location [META-INF/spring.factories]: [org.springframework.boot.test.autoconfigure.restdocs.RestDocsTestExecutionListener, org.springframework.boot.test.autoconfigure.web.client.MockRestServiceServerResetTestExecutionListener, org.springframework.boot.test.autoconfigure.web.servlet.MockMvcPrintOnlyOnFailureTestExecutionListener, org.springframework.boot.test.autoconfigure.web.servlet.WebDriverTestExecutionListener, org.springframework.boot.test.autoconfigure.webservices.client.MockWebServiceServerTestExecutionListener, org.springframework.boot.test.mock.mockito.MockitoTestExecutionListener, org.springframework.boot.test.mock.mockito.ResetMocksTestExecutionListener, org.springframework.test.context.web.ServletTestExecutionListener, org.springframework.test.context.support.DirtiesContextBeforeModesTestExecutionListener, org.springframework.test.context.support.DependencyInjectionTestExecutionListener, org.springframework.test.context.support.DirtiesContextTestExecutionListener, org.springframework.test.context.transaction.TransactionalTestExecutionListener, org.springframework.test.context.jdbc.SqlScriptsTestExecutionListener, org.springframework.test.context.event.EventPublishingTestExecutionListener]
13:31:25.944 [Test worker] INFO org.springframework.boot.test.context.SpringBootTestContextBootstrapper - Using TestExecutionListeners: [org.springframework.test.context.web.ServletTestExecutionListener@12dfc4a6, org.springframework.test.context.support.DirtiesContextBeforeModesTestExecutionListener@73c28274, org.springframework.boot.test.mock.mockito.MockitoTestExecutionListener@1d1ec367, org.springframework.boot.test.autoconfigure.SpringBootDependencyInjectionTestExecutionListener@4cc7c071, org.springframework.test.context.support.DirtiesContextTestExecutionListener@2051d7bb, org.springframework.test.context.transaction.TransactionalTestExecutionListener@476730e7, org.springframework.test.context.jdbc.SqlScriptsTestExecutionListener@2c09c697, org.springframework.test.context.event.EventPublishingTestExecutionListener@5e3f4f2f, org.springframework.boot.test.autoconfigure.restdocs.RestDocsTestExecutionListener@70fdb75c, org.springframework.boot.test.autoconfigure.web.client.MockRestServiceServerResetTestExecutionListener@e6341ac, org.springframework.boot.test.autoconfigure.web.servlet.MockMvcPrintOnlyOnFailureTestExecutionListener@6c3c1389, org.springframework.boot.test.autoconfigure.web.servlet.WebDriverTestExecutionListener@485e7f16, org.springframework.boot.test.autoconfigure.webservices.client.MockWebServiceServerTestExecutionListener@55047616, org.springframework.boot.test.mock.mockito.ResetMocksTestExecutionListener@41fe233b]
13:31:25.953 [Test worker] DEBUG org.springframework.test.context.support.AbstractDirtiesContextTestExecutionListener - Before test class: context [DefaultTestContext@47c43fb5 testClass = GreetingServiceTest, testInstance = [null], testMethod = [null], testException = [null], mergedContextConfiguration = [WebMergedContextConfiguration@57e309ea testClass = GreetingServiceTest, locations = '{}', classes = '{class com.bridgelabz.GreetingApp.GreetingAppApplication}', contextInitializerClasses = '[]', activeProfiles = '{}', propertySourceLocations = '{}', propertySourceProperties = '{org.springframework.boot.test.context.SpringBootTestContextBootstrapper=true}', contextCustomizers = set[org.springframework.boot.test.autoconfigure.actuate.metrics.MetricsExportContextCustomizerFactory$DisableMetricExportContextCustomizer@16d99381, org.springframework.boot.test.autoconfigure.properties.PropertyMappingContextCustomizer@0, org.springframework.boot.test.autoconfigure.web.servlet.WebDriverContextCustomizerFactory$Customizer@e06b92e, org.springframework.boot.test.context.filter.ExcludeFilterContextCustomizer@26df9cb0, org.springframework.boot.test.json.DuplicateJsonObjectContextCustomizerFactory$DuplicateJsonObjectContextCustomizer@6cae0e05, org.springframework.boot.test.mock.mockito.MockitoContextCustomizer@0, org.springframework.boot.test.web.client.TestRestTemplateContextCustomizer@41acaa39, org.springframework.boot.test.context.SpringBootTestArgs@1, org.springframework.boot.test.context.SpringBootTestWebEnvironment@7326de0e], resourceBasePath = 'src/main/webapp', contextLoader = 'org.springframework.boot.test.context.SpringBootContextLoader', parent = [null]], attributes = map['org.springframework.test.context.web.ServletTestExecutionListener.activateListener' -> true]], class annotated with @DirtiesContext [false] with mode [null].
13:31:26.025 [Test worker] DEBUG org.springframework.test.context.support.TestPropertySourceUtils - Adding inlined properties to environment: {spring.jmx.enabled=false, org.springframework.boot.test.context.SpringBootTestContextBootstrapper=true}

  .   ____          _            __ _ _
 /\\ / ___'_ __ _ _(_)_ __  __ _ \ \ \ \
( ( )\___ | '_ | '_| | '_ \/ _` | \ \ \ \
 \\/  ___)| |_)| | | | | || (_| |  ) ) ) )
  '  |____| .__|_| |_|_| |_\__, | / / / /
 =========|_|==============|___/=/_/_/_/
 :: Spring Boot ::       (v2.4.0-SNAPSHOT)

2020-10-12 13:31:26.685  INFO 30624 --- [    Test worker] c.b.GreetingApp.GreetingServiceTest      : Starting GreetingServiceTest using Java 11.0.7 on EEE1407203 with PID 30624 (started by 1407162 in D:\Fellowship\UserGreatingApp\GreetingApp)
2020-10-12 13:31:26.694  INFO 30624 --- [    Test worker] c.b.GreetingApp.GreetingServiceTest      : No active profile set, falling back to default profiles: default
2020-10-12 13:31:28.580  INFO 30624 --- [    Test worker] .s.d.r.c.RepositoryConfigurationDelegate : Bootstrapping Spring Data JPA repositories in DEFERRED mode.
2020-10-12 13:31:28.723  INFO 30624 --- [    Test worker] .s.d.r.c.RepositoryConfigurationDelegate : Finished Spring Data repository scanning in 117 ms. Found 1 JPA repository interfaces.
2020-10-12 13:31:30.006  INFO 30624 --- [    Test worker] o.s.s.concurrent.ThreadPoolTaskExecutor  : Initializing ExecutorService 'applicationTaskExecutor'
2020-10-12 13:31:30.182  INFO 30624 --- [         task-1] o.hibernate.jpa.internal.util.LogHelper  : HHH000204: Processing PersistenceUnitInfo [name: default]
2020-10-12 13:31:30.381  INFO 30624 --- [         task-1] org.hibernate.Version                    : HHH000412: Hibernate ORM core version 5.4.21.Final
2020-10-12 13:31:30.927  INFO 30624 --- [         task-1] o.hibernate.annotations.common.Version   : HCANN000001: Hibernate Commons Annotations {5.1.0.Final}
2020-10-12 13:31:30.998  WARN 30624 --- [    Test worker] JpaBaseConfiguration$JpaWebConfiguration : spring.jpa.open-in-view is enabled by default. Therefore, database queries may be performed during view rendering. Explicitly configure spring.jpa.open-in-view to disable this warning
2020-10-12 13:31:31.370  INFO 30624 --- [         task-1] com.zaxxer.hikari.HikariDataSource       : HikariPool-1 - Starting...
2020-10-12 13:31:31.392  WARN 30624 --- [         task-1] com.zaxxer.hikari.util.DriverDataSource  : Registered driver with driverClassName=com.mysql.jdbc.Driver was not found, trying direct instantiation.
2020-10-12 13:31:32.640  INFO 30624 --- [         task-1] com.zaxxer.hikari.HikariDataSource       : HikariPool-1 - Start completed.
2020-10-12 13:31:32.939  INFO 30624 --- [         task-1] org.hibernate.dialect.Dialect            : HHH000400: Using dialect: org.hibernate.dialect.MySQL8Dialect
2020-10-12 13:31:33.420  INFO 30624 --- [    Test worker] DeferredRepositoryInitializationListener : Triggering deferred initialization of Spring Data repositories…
2020-10-12 13:31:35.266  INFO 30624 --- [         task-1] o.h.e.t.j.p.i.JtaPlatformInitiator       : HHH000490: Using JtaPlatform implementation: [org.hibernate.engine.transaction.jta.platform.internal.NoJtaPlatform]
2020-10-12 13:31:35.284  INFO 30624 --- [         task-1] j.LocalContainerEntityManagerFactoryBean : Initialized JPA EntityManagerFactory for persistence unit 'default'
2020-10-12 13:31:35.699  INFO 30624 --- [    Test worker] DeferredRepositoryInitializationListener : Spring Data repositories initialized!
2020-10-12 13:31:35.717  INFO 30624 --- [    Test worker] c.b.GreetingApp.GreetingServiceTest      : Started GreetingServiceTest in 9.678 seconds (JVM running for 12.348)
]]></system-out>
  <system-err><![CDATA[Loading class `com.mysql.jdbc.Driver'. This is deprecated. The new driver class is `com.mysql.cj.jdbc.Driver'. The driver is automatically registered via the SPI and manual loading of the driver class is generally unnecessary.
]]></system-err>
</testsuite>
