<?xml version="1.0" encoding="UTF-8"?>
<testsuite name="com.bridgelabz.GreetingApp.GreetingServiceTest" tests="3" skipped="0" failures="0" errors="0" timestamp="2020-10-16T18:26:25" hostname="EEE1407203" time="0.143">
  <properties/>
  <testcase name="givenEditedData_WhenUpdated_ShouldReturnSuccessFull()" classname="com.bridgelabz.GreetingApp.GreetingServiceTest" time="0.091"/>
  <testcase name="demoTest()" classname="com.bridgelabz.GreetingApp.GreetingServiceTest" time="0.009"/>
  <testcase name="givenUserDTO_WhenSaved_ShouldReturnSuccessFull()" classname="com.bridgelabz.GreetingApp.GreetingServiceTest" time="0.013"/>
  <system-out><![CDATA[23:56:16.319 [Test worker] DEBUG org.springframework.test.context.BootstrapUtils - Instantiating CacheAwareContextLoaderDelegate from class [org.springframework.test.context.cache.DefaultCacheAwareContextLoaderDelegate]
23:56:16.380 [Test worker] DEBUG org.springframework.test.context.BootstrapUtils - Instantiating BootstrapContext using constructor [public org.springframework.test.context.support.DefaultBootstrapContext(java.lang.Class,org.springframework.test.context.CacheAwareContextLoaderDelegate)]
23:56:16.510 [Test worker] DEBUG org.springframework.test.context.BootstrapUtils - Instantiating TestContextBootstrapper for test class [com.bridgelabz.GreetingApp.GreetingServiceTest] from class [org.springframework.boot.test.context.SpringBootTestContextBootstrapper]
23:56:16.548 [Test worker] INFO org.springframework.boot.test.context.SpringBootTestContextBootstrapper - Neither @ContextConfiguration nor @ContextHierarchy found for test class [com.bridgelabz.GreetingApp.GreetingServiceTest], using SpringBootContextLoader
23:56:16.563 [Test worker] DEBUG org.springframework.test.context.support.AbstractContextLoader - Did not detect default resource location for test class [com.bridgelabz.GreetingApp.GreetingServiceTest]: class path resource [com/bridgelabz/GreetingApp/GreetingServiceTest-context.xml] does not exist
23:56:16.565 [Test worker] DEBUG org.springframework.test.context.support.AbstractContextLoader - Did not detect default resource location for test class [com.bridgelabz.GreetingApp.GreetingServiceTest]: class path resource [com/bridgelabz/GreetingApp/GreetingServiceTestContext.groovy] does not exist
23:56:16.569 [Test worker] INFO org.springframework.test.context.support.AbstractContextLoader - Could not detect default resource locations for test class [com.bridgelabz.GreetingApp.GreetingServiceTest]: no resource found for suffixes {-context.xml, Context.groovy}.
23:56:16.574 [Test worker] INFO org.springframework.test.context.support.AnnotationConfigContextLoaderUtils - Could not detect default configuration classes for test class [com.bridgelabz.GreetingApp.GreetingServiceTest]: GreetingServiceTest does not declare any static, non-private, non-final, nested classes annotated with @Configuration.
23:56:16.707 [Test worker] DEBUG org.springframework.test.context.support.ActiveProfilesUtils - Could not find an 'annotation declaring class' for annotation type [org.springframework.test.context.ActiveProfiles] and class [com.bridgelabz.GreetingApp.GreetingServiceTest]
23:56:16.821 [Test worker] DEBUG org.springframework.context.annotation.ClassPathScanningCandidateComponentProvider - Identified candidate component class: file [D:\Fellowship\UserGreatingApp\GreetingApp\build\classes\java\main\com\bridgelabz\GreetingApp\GreetingAppApplication.class]
23:56:16.821 [Test worker] INFO org.springframework.boot.test.context.SpringBootTestContextBootstrapper - Found @SpringBootConfiguration com.bridgelabz.GreetingApp.GreetingAppApplication for test class com.bridgelabz.GreetingApp.GreetingServiceTest
23:56:17.024 [Test worker] DEBUG org.springframework.boot.test.context.SpringBootTestContextBootstrapper - @TestExecutionListeners is not present for class [com.bridgelabz.GreetingApp.GreetingServiceTest]: using defaults.
23:56:17.024 [Test worker] INFO org.springframework.boot.test.context.SpringBootTestContextBootstrapper - Loaded default TestExecutionListener class names from location [META-INF/spring.factories]: [org.springframework.boot.test.autoconfigure.restdocs.RestDocsTestExecutionListener, org.springframework.boot.test.autoconfigure.web.client.MockRestServiceServerResetTestExecutionListener, org.springframework.boot.test.autoconfigure.web.servlet.MockMvcPrintOnlyOnFailureTestExecutionListener, org.springframework.boot.test.autoconfigure.web.servlet.WebDriverTestExecutionListener, org.springframework.boot.test.autoconfigure.webservices.client.MockWebServiceServerTestExecutionListener, org.springframework.boot.test.mock.mockito.MockitoTestExecutionListener, org.springframework.boot.test.mock.mockito.ResetMocksTestExecutionListener, org.springframework.test.context.web.ServletTestExecutionListener, org.springframework.test.context.support.DirtiesContextBeforeModesTestExecutionListener, org.springframework.test.context.support.DependencyInjectionTestExecutionListener, org.springframework.test.context.support.DirtiesContextTestExecutionListener, org.springframework.test.context.transaction.TransactionalTestExecutionListener, org.springframework.test.context.jdbc.SqlScriptsTestExecutionListener, org.springframework.test.context.event.EventPublishingTestExecutionListener]
23:56:17.056 [Test worker] INFO org.springframework.boot.test.context.SpringBootTestContextBootstrapper - Using TestExecutionListeners: [org.springframework.test.context.web.ServletTestExecutionListener@29ec166b, org.springframework.test.context.support.DirtiesContextBeforeModesTestExecutionListener@242acecd, org.springframework.boot.test.mock.mockito.MockitoTestExecutionListener@64efeec9, org.springframework.boot.test.autoconfigure.SpringBootDependencyInjectionTestExecutionListener@677ef92e, org.springframework.test.context.support.DirtiesContextTestExecutionListener@2ee8e4e4, org.springframework.test.context.transaction.TransactionalTestExecutionListener@5c460b52, org.springframework.test.context.jdbc.SqlScriptsTestExecutionListener@47c43fb5, org.springframework.test.context.event.EventPublishingTestExecutionListener@57e309ea, org.springframework.boot.test.autoconfigure.restdocs.RestDocsTestExecutionListener@3ec51836, org.springframework.boot.test.autoconfigure.web.client.MockRestServiceServerResetTestExecutionListener@52b59827, org.springframework.boot.test.autoconfigure.web.servlet.MockMvcPrintOnlyOnFailureTestExecutionListener@34ea3c53, org.springframework.boot.test.autoconfigure.web.servlet.WebDriverTestExecutionListener@7b89cf7d, org.springframework.boot.test.autoconfigure.webservices.client.MockWebServiceServerTestExecutionListener@6d9b7c92, org.springframework.boot.test.mock.mockito.ResetMocksTestExecutionListener@1311b5a6]
23:56:17.071 [Test worker] DEBUG org.springframework.test.context.support.AbstractDirtiesContextTestExecutionListener - Before test class: context [DefaultTestContext@7e8f6618 testClass = GreetingServiceTest, testInstance = [null], testMethod = [null], testException = [null], mergedContextConfiguration = [WebMergedContextConfiguration@7975af9d testClass = GreetingServiceTest, locations = '{}', classes = '{class com.bridgelabz.GreetingApp.GreetingAppApplication}', contextInitializerClasses = '[]', activeProfiles = '{}', propertySourceLocations = '{}', propertySourceProperties = '{org.springframework.boot.test.context.SpringBootTestContextBootstrapper=true}', contextCustomizers = set[org.springframework.boot.test.autoconfigure.actuate.metrics.MetricsExportContextCustomizerFactory$DisableMetricExportContextCustomizer@68d895a4, org.springframework.boot.test.autoconfigure.properties.PropertyMappingContextCustomizer@0, org.springframework.boot.test.autoconfigure.web.servlet.WebDriverContextCustomizerFactory$Customizer@eab777b, org.springframework.boot.test.context.filter.ExcludeFilterContextCustomizer@79fafb56, org.springframework.boot.test.json.DuplicateJsonObjectContextCustomizerFactory$DuplicateJsonObjectContextCustomizer@758be282, org.springframework.boot.test.mock.mockito.MockitoContextCustomizer@0, org.springframework.boot.test.web.client.TestRestTemplateContextCustomizer@3928ec79, org.springframework.boot.test.context.SpringBootTestArgs@1, org.springframework.boot.test.context.SpringBootTestWebEnvironment@57190574], resourceBasePath = 'src/main/webapp', contextLoader = 'org.springframework.boot.test.context.SpringBootContextLoader', parent = [null]], attributes = map['org.springframework.test.context.web.ServletTestExecutionListener.activateListener' -> true]], class annotated with @DirtiesContext [false] with mode [null].
23:56:17.140 [Test worker] DEBUG org.springframework.test.context.support.TestPropertySourceUtils - Adding inlined properties to environment: {spring.jmx.enabled=false, org.springframework.boot.test.context.SpringBootTestContextBootstrapper=true}

  .   ____          _            __ _ _
 /\\ / ___'_ __ _ _(_)_ __  __ _ \ \ \ \
( ( )\___ | '_ | '_| | '_ \/ _` | \ \ \ \
 \\/  ___)| |_)| | | | | || (_| |  ) ) ) )
  '  |____| .__|_| |_|_| |_\__, | / / / /
 =========|_|==============|___/=/_/_/_/
 :: Spring Boot ::       (v2.4.0-SNAPSHOT)

2020-10-16 23:56:17.620  INFO 8364 --- [    Test worker] c.b.GreetingApp.GreetingServiceTest      : Starting GreetingServiceTest using Java 11.0.7 on EEE1407203 with PID 8364 (started by 1407162 in D:\Fellowship\UserGreatingApp\GreetingApp)
2020-10-16 23:56:17.625  INFO 8364 --- [    Test worker] c.b.GreetingApp.GreetingServiceTest      : No active profile set, falling back to default profiles: default
2020-10-16 23:56:19.009  INFO 8364 --- [    Test worker] .s.d.r.c.RepositoryConfigurationDelegate : Bootstrapping Spring Data JPA repositories in DEFERRED mode.
2020-10-16 23:56:19.113  INFO 8364 --- [    Test worker] .s.d.r.c.RepositoryConfigurationDelegate : Finished Spring Data repository scanning in 90 ms. Found 1 JPA repository interfaces.
2020-10-16 23:56:20.294  INFO 8364 --- [    Test worker] o.s.s.concurrent.ThreadPoolTaskExecutor  : Initializing ExecutorService 'applicationTaskExecutor'
2020-10-16 23:56:20.457  INFO 8364 --- [         task-1] o.hibernate.jpa.internal.util.LogHelper  : HHH000204: Processing PersistenceUnitInfo [name: default]
2020-10-16 23:56:20.605  INFO 8364 --- [         task-1] org.hibernate.Version                    : HHH000412: Hibernate ORM core version 5.4.22.Final
2020-10-16 23:56:21.104  INFO 8364 --- [         task-1] o.hibernate.annotations.common.Version   : HCANN000001: Hibernate Commons Annotations {5.1.0.Final}
2020-10-16 23:56:21.212  WARN 8364 --- [    Test worker] JpaBaseConfiguration$JpaWebConfiguration : spring.jpa.open-in-view is enabled by default. Therefore, database queries may be performed during view rendering. Explicitly configure spring.jpa.open-in-view to disable this warning
2020-10-16 23:56:21.447  INFO 8364 --- [         task-1] com.zaxxer.hikari.HikariDataSource       : HikariPool-1 - Starting...
2020-10-16 23:56:21.459  WARN 8364 --- [         task-1] com.zaxxer.hikari.util.DriverDataSource  : Registered driver with driverClassName=com.mysql.jdbc.Driver was not found, trying direct instantiation.
2020-10-16 23:56:22.727  INFO 8364 --- [         task-1] com.zaxxer.hikari.HikariDataSource       : HikariPool-1 - Start completed.
2020-10-16 23:56:22.836  INFO 8364 --- [         task-1] org.hibernate.dialect.Dialect            : HHH000400: Using dialect: org.hibernate.dialect.MySQL8Dialect
2020-10-16 23:56:23.557  INFO 8364 --- [    Test worker] DeferredRepositoryInitializationListener : Triggering deferred initialization of Spring Data repositories…
2020-10-16 23:56:24.724  INFO 8364 --- [         task-1] o.h.e.t.j.p.i.JtaPlatformInitiator       : HHH000490: Using JtaPlatform implementation: [org.hibernate.engine.transaction.jta.platform.internal.NoJtaPlatform]
2020-10-16 23:56:24.741  INFO 8364 --- [         task-1] j.LocalContainerEntityManagerFactoryBean : Initialized JPA EntityManagerFactory for persistence unit 'default'
2020-10-16 23:56:25.054  INFO 8364 --- [    Test worker] DeferredRepositoryInitializationListener : Spring Data repositories initialized!
2020-10-16 23:56:25.083  INFO 8364 --- [    Test worker] c.b.GreetingApp.GreetingServiceTest      : Started GreetingServiceTest in 7.933 seconds (JVM running for 10.38)
]]></system-out>
  <system-err><![CDATA[Loading class `com.mysql.jdbc.Driver'. This is deprecated. The new driver class is `com.mysql.cj.jdbc.Driver'. The driver is automatically registered via the SPI and manual loading of the driver class is generally unnecessary.
]]></system-err>
</testsuite>
